0:0:0:0:0:0:0:1%0 -  -  [07/04/2011:03:38:32 +0000] "GET / HTTP/1.1" 404 828 
0:0:0:0:0:0:0:1%0 -  -  [07/04/2011:03:38:34 +0000] "GET /portfolio HTTP/1.1" 302 0 
0:0:0:0:0:0:0:1%0 -  -  [07/04/2011:03:38:34 +0000] "GET /portfolio/ HTTP/1.1" 200 1412 
0:0:0:0:0:0:0:1%0 -  -  [07/04/2011:03:38:34 +0000] "GET /portfolio/jquery.min.js HTTP/1.1" 200 57254 
0:0:0:0:0:0:0:1%0 -  -  [07/04/2011:03:38:34 +0000] "GET /portfolio/thrift.js HTTP/1.1" 200 18902 
0:0:0:0:0:0:0:1%0 -  -  [07/04/2011:03:38:34 +0000] "GET /portfolio/portfolio_types.js HTTP/1.1" 200 5756 
0:0:0:0:0:0:0:1%0 -  -  [07/04/2011:03:38:34 +0000] "GET /portfolio/PortfolioMgr.js HTTP/1.1" 200 6662 
0:0:0:0:0:0:0:1%0 -  -  [07/04/2011:03:38:34 +0000] "POST /portfolio/service HTTP/1.1" 200 2990 
0:0:0:0:0:0:0:1%0 -  -  [07/04/2011:03:38:37 +0000] "GET /portfolio/ HTTP/1.1" 304 0 
0:0:0:0:0:0:0:1%0 -  -  [07/04/2011:03:38:37 +0000] "GET /portfolio/jquery.min.js HTTP/1.1" 304 0 
0:0:0:0:0:0:0:1%0 -  -  [07/04/2011:03:38:37 +0000] "POST /portfolio/service HTTP/1.1" 200 2990 
0:0:0:0:0:0:0:1%0 -  -  [07/04/2011:03:38:37 +0000] "GET /favicon.ico HTTP/1.1" 200 1150 
0:0:0:0:0:0:0:1%0 -  -  [07/04/2011:03:38:39 +0000] "GET /portfolio/ HTTP/1.1" 304 0 
0:0:0:0:0:0:0:1%0 -  -  [07/04/2011:03:38:39 +0000] "GET /portfolio/jquery.min.js HTTP/1.1" 304 0 
0:0:0:0:0:0:0:1%0 -  -  [07/04/2011:03:38:39 +0000] "POST /portfolio/service HTTP/1.1" 200 2990 
0:0:0:0:0:0:0:1%0 -  -  [07/04/2011:20:27:33 +0000] "GET / HTTP/1.1" 404 831 
0:0:0:0:0:0:0:1%0 -  -  [07/04/2011:20:27:35 +0000] "GET /portfolio HTTP/1.1" 302 0 
0:0:0:0:0:0:0:1%0 -  -  [07/04/2011:20:27:35 +0000] "GET /portfolio/ HTTP/1.1" 304 0 
0:0:0:0:0:0:0:1%0 -  -  [07/04/2011:20:27:35 +0000] "GET /portfolio/jquery.min.js HTTP/1.1" 304 0 
0:0:0:0:0:0:0:1%0 -  -  [07/04/2011:20:27:35 +0000] "GET /portfolio/thrift.js HTTP/1.1" 304 0 
0:0:0:0:0:0:0:1%0 -  -  [07/04/2011:20:27:35 +0000] "GET /portfolio/portfolio_types.js HTTP/1.1" 304 0 
0:0:0:0:0:0:0:1%0 -  -  [07/04/2011:20:27:35 +0000] "GET /portfolio/PortfolioMgr.js HTTP/1.1" 304 0 
0:0:0:0:0:0:0:1%0 -  -  [07/04/2011:20:27:35 +0000] "POST /portfolio/service HTTP/1.1" 500 6486 
0:0:0:0:0:0:0:1%0 -  -  [07/04/2011:20:27:39 +0000] "GET /portfolio/ HTTP/1.1" 304 0 
0:0:0:0:0:0:0:1%0 -  -  [07/04/2011:20:27:39 +0000] "GET /portfolio/jquery.min.js HTTP/1.1" 304 0 
0:0:0:0:0:0:0:1%0 -  -  [07/04/2011:20:27:39 +0000] "GET /portfolio/PortfolioMgr.js HTTP/1.1" 304 0 
0:0:0:0:0:0:0:1%0 -  -  [07/04/2011:20:27:39 +0000] "GET /portfolio/thrift.js HTTP/1.1" 304 0 
0:0:0:0:0:0:0:1%0 -  -  [07/04/2011:20:27:39 +0000] "GET /portfolio/portfolio_types.js HTTP/1.1" 304 0 
0:0:0:0:0:0:0:1%0 -  -  [07/04/2011:20:27:39 +0000] "POST /portfolio/service HTTP/1.1" 500 3434 
0:0:0:0:0:0:0:1%0 -  -  [07/04/2011:20:27:39 +0000] "GET /favicon.ico HTTP/1.1" 200 1150 
0:0:0:0:0:0:0:1%0 -  -  [07/04/2011:20:29:59 +0000] "GET /portfolio/ HTTP/1.1" 304 0 
0:0:0:0:0:0:0:1%0 -  -  [07/04/2011:20:29:59 +0000] "GET /portfolio/jquery.min.js HTTP/1.1" 304 0 
0:0:0:0:0:0:0:1%0 -  -  [07/04/2011:20:29:59 +0000] "GET /portfolio/thrift.js HTTP/1.1" 304 0 
0:0:0:0:0:0:0:1%0 -  -  [07/04/2011:20:29:59 +0000] "GET /portfolio/portfolio_types.js HTTP/1.1" 304 0 
0:0:0:0:0:0:0:1%0 -  -  [07/04/2011:20:29:59 +0000] "GET /portfolio/PortfolioMgr.js HTTP/1.1" 304 0 
0:0:0:0:0:0:0:1%0 -  -  [07/04/2011:20:29:59 +0000] "POST /portfolio/service HTTP/1.1" 200 2990 
0:0:0:0:0:0:0:1%0 -  -  [07/04/2011:20:30:00 +0000] "GET /favicon.ico HTTP/1.1" 200 1150 
